<?xml version="1.0" encoding="UTF-8"?>
<!-- Generated by org.testng.reporters.JUnitXMLReporter -->
<testsuite ignored="8" hostname="APL-5CD128FLHK" failures="0" tests="1" name="Test" time="14.088" errors="0" timestamp="2025-03-01T08:21:15 IST">
  <testcase classname="hgk.selenium.FreshStart.LocatorPractiseAll" name="fixedWebTable" time="9.422"/>
  <testcase classname="hgk.selenium.FreshStart.LocatorPractiseAll" name="alertWin" time="0.0">
    <ignored/>
  </testcase> <!-- alertWin -->
  <testcase classname="hgk.selenium.FreshStart.LocatorPractiseAll" name="switchTab" time="0.0">
    <ignored/>
  </testcase> <!-- switchTab -->
  <testcase classname="hgk.selenium.FreshStart.LocatorPractiseAll" name="checkBox" time="0.0">
    <ignored/>
  </testcase> <!-- checkBox -->
  <testcase classname="hgk.selenium.FreshStart.LocatorPractiseAll" name="eleDispalyed" time="0.0">
    <ignored/>
  </testcase> <!-- eleDispalyed -->
  <testcase classname="hgk.selenium.FreshStart.LocatorPractiseAll" name="switchWin" time="0.0">
    <ignored/>
  </testcase> <!-- switchWin -->
  <testcase classname="hgk.selenium.FreshStart.LocatorPractiseAll" name="suggestionDropdown" time="0.0">
    <ignored/>
  </testcase> <!-- suggestionDropdown -->
  <testcase classname="hgk.selenium.FreshStart.LocatorPractiseAll" name="radioButton" time="0.0">
    <ignored/>
  </testcase> <!-- radioButton -->
  <testcase classname="hgk.selenium.FreshStart.LocatorPractiseAll" name="dropDown" time="0.0">
    <ignored/>
  </testcase> <!-- dropDown -->
</testsuite> <!-- Test -->
