<?xml version="1.0" encoding="UTF-8"?>
<testng-results ignored="0" total="1" passed="0" failed="1" skipped="0">
  <reporter-output>
  </reporter-output>
  <suite started-at="2025-03-25T16:39:52 IST" name="Default suite" finished-at="2025-03-25T16:40:24 IST" duration-ms="31985">
    <groups>
    </groups>
    <test started-at="2025-03-25T16:39:52 IST" name="Default test" finished-at="2025-03-25T16:40:24 IST" duration-ms="31985">
      <class name="Telefonica.E2E1_Whatshapp2">
        <test-method is-config="true" signature="BrowserInit()[pri:0, instance:Telefonica.E2E1_Whatshapp2@7db12bb6]" started-at="2025-03-25T16:39:52 IST" name="BrowserInit" finished-at="2025-03-25T16:40:06 IST" duration-ms="13437" status="PASS">
          <reporter-output>
          </reporter-output>
        </test-method> <!-- BrowserInit -->
        <test-method signature="whatshappHomepage(java.lang.String,java.lang.String)[pri:0, instance:Telefonica.E2E1_Whatshapp2@7db12bb6]" started-at="2025-03-25T16:40:06 IST" name="whatshappHomepage" data-provider="iccid_puk2Data" finished-at="2025-03-25T16:40:24 IST" duration-ms="18481" status="FAIL">
          <params>
            <param index="0">
              <value>
                <![CDATA[8949210000083298204]]>
              </value>
            </param>
            <param index="1">
              <value>
                <![CDATA[87225010]]>
              </value>
            </param>
          </params>
          <exception class="org.openqa.selenium.JavascriptException">
            <message>
              <![CDATA[javascript error: Cannot read properties of null (reading 'shadowRoot')
  (Session info: chrome=134.0.6998.165)
Build info: version: '4.28.1', revision: '73f5ad48a2'
System info: os.name: 'Windows 11', os.arch: 'amd64', os.version: '10.0', java.version: '21.0.3'
Driver info: org.openqa.selenium.chrome.ChromeDriver
Command: [725060eea1c24299145db415419f6b87, executeScript {args=[], script=return document.querySelector("#mfe-mount-5f96e0c4-ab60-4d9e-834b-1af7855f0f30 > div > div > one-panel > one-box > one-box > one-grid > one-input:nth-child(1)").shadowRoot.querySelector("div > div.form-control__input > div > input")}]
Capabilities {acceptInsecureCerts: true, browserName: chrome, browserVersion: 134.0.6998.165, chrome: {chromedriverVersion: 134.0.6998.165 (fd886e2cb29..., userDataDir: C:\Users\HA4005~1\AppData\L...}, fedcm:accounts: true, goog:chromeOptions: {debuggerAddress: localhost:60069}, networkConnectionEnabled: false, pageLoadStrategy: normal, platformName: windows, proxy: Proxy(), se:cdp: ws://localhost:60069/devtoo..., se:cdpVersion: 134.0.6998.165, setWindowRect: true, strictFileInteractability: false, timeouts: {implicit: 0, pageLoad: 300000, script: 30000}, unhandledPromptBehavior: dismiss and notify, webauthn:extension:credBlob: true, webauthn:extension:largeBlob: true, webauthn:extension:minPinLength: true, webauthn:extension:prf: true, webauthn:virtualAuthenticators: true}
Session ID: 725060eea1c24299145db415419f6b87]]>
            </message>
            <full-stacktrace>
              <![CDATA[org.openqa.selenium.JavascriptException: javascript error: Cannot read properties of null (reading 'shadowRoot')
  (Session info: chrome=134.0.6998.165)
Build info: version: '4.28.1', revision: '73f5ad48a2'
System info: os.name: 'Windows 11', os.arch: 'amd64', os.version: '10.0', java.version: '21.0.3'
Driver info: org.openqa.selenium.chrome.ChromeDriver
Command: [725060eea1c24299145db415419f6b87, executeScript {args=[], script=return document.querySelector("#mfe-mount-5f96e0c4-ab60-4d9e-834b-1af7855f0f30 > div > div > one-panel > one-box > one-box > one-grid > one-input:nth-child(1)").shadowRoot.querySelector("div > div.form-control__input > div > input")}]
Capabilities {acceptInsecureCerts: true, browserName: chrome, browserVersion: 134.0.6998.165, chrome: {chromedriverVersion: 134.0.6998.165 (fd886e2cb29..., userDataDir: C:\Users\HA4005~1\AppData\L...}, fedcm:accounts: true, goog:chromeOptions: {debuggerAddress: localhost:60069}, networkConnectionEnabled: false, pageLoadStrategy: normal, platformName: windows, proxy: Proxy(), se:cdp: ws://localhost:60069/devtoo..., se:cdpVersion: 134.0.6998.165, setWindowRect: true, strictFileInteractability: false, timeouts: {implicit: 0, pageLoad: 300000, script: 30000}, unhandledPromptBehavior: dismiss and notify, webauthn:extension:credBlob: true, webauthn:extension:largeBlob: true, webauthn:extension:minPinLength: true, webauthn:extension:prf: true, webauthn:virtualAuthenticators: true}
Session ID: 725060eea1c24299145db415419f6b87
at java.base/jdk.internal.reflect.DirectConstructorHandleAccessor.newInstance(DirectConstructorHandleAccessor.java:62)
at java.base/java.lang.reflect.Constructor.newInstanceWithCaller(Constructor.java:502)
at java.base/java.lang.reflect.Constructor.newInstance(Constructor.java:486)
at org.openqa.selenium.remote.ErrorCodec.decode(ErrorCodec.java:167)
at org.openqa.selenium.remote.codec.w3c.W3CHttpResponseCodec.decode(W3CHttpResponseCodec.java:138)
at org.openqa.selenium.remote.codec.w3c.W3CHttpResponseCodec.decode(W3CHttpResponseCodec.java:50)
at org.openqa.selenium.remote.HttpCommandExecutor.execute(HttpCommandExecutor.java:215)
at org.openqa.selenium.remote.service.DriverCommandExecutor.invokeExecute(DriverCommandExecutor.java:216)
at org.openqa.selenium.remote.service.DriverCommandExecutor.execute(DriverCommandExecutor.java:174)
at org.openqa.selenium.remote.RemoteWebDriver.execute(RemoteWebDriver.java:545)
at org.openqa.selenium.remote.RemoteWebDriver.executeScript(RemoteWebDriver.java:476)
at Telefonica.E2E1_Whatshapp2.whatshappHomepage(E2E1_Whatshapp2.java:53)
at java.base/jdk.internal.reflect.DirectMethodHandleAccessor.invoke(DirectMethodHandleAccessor.java:103)
at java.base/java.lang.reflect.Method.invoke(Method.java:580)
at org.testng.internal.MethodInvocationHelper.invokeMethod(MethodInvocationHelper.java:133)
at org.testng.internal.TestInvoker.invokeMethod(TestInvoker.java:598)
at org.testng.internal.TestInvoker.invokeTestMethod(TestInvoker.java:173)
at org.testng.internal.MethodRunner.runInSequence(MethodRunner.java:46)
at org.testng.internal.TestInvoker$MethodInvocationAgent.invoke(TestInvoker.java:824)
at org.testng.internal.TestInvoker.invokeTestMethods(TestInvoker.java:146)
at org.testng.internal.TestMethodWorker.invokeTestMethods(TestMethodWorker.java:146)
at org.testng.internal.TestMethodWorker.run(TestMethodWorker.java:128)
at java.base/java.util.ArrayList.forEach(ArrayList.java:1596)
at org.testng.TestRunner.privateRun(TestRunner.java:794)
at org.testng.TestRunner.run(TestRunner.java:596)
at org.testng.SuiteRunner.runTest(SuiteRunner.java:377)
at org.testng.SuiteRunner.runSequentially(SuiteRunner.java:371)
at org.testng.SuiteRunner.privateRun(SuiteRunner.java:332)
at org.testng.SuiteRunner.run(SuiteRunner.java:276)
at org.testng.SuiteRunnerWorker.runSuite(SuiteRunnerWorker.java:53)
at org.testng.SuiteRunnerWorker.run(SuiteRunnerWorker.java:96)
at org.testng.TestNG.runSuitesSequentially(TestNG.java:1212)
at org.testng.TestNG.runSuitesLocally(TestNG.java:1134)
at org.testng.TestNG.runSuites(TestNG.java:1063)
at org.testng.TestNG.run(TestNG.java:1031)
at org.testng.remote.AbstractRemoteTestNG.run(AbstractRemoteTestNG.java:115)
at org.testng.remote.RemoteTestNG.initAndRun(RemoteTestNG.java:293)
at org.testng.remote.RemoteTestNG.main(RemoteTestNG.java:91)
]]>
            </full-stacktrace>
          </exception> <!-- org.openqa.selenium.JavascriptException -->
          <reporter-output>
          </reporter-output>
        </test-method> <!-- whatshappHomepage -->
      </class> <!-- Telefonica.E2E1_Whatshapp2 -->
    </test> <!-- Default test -->
  </suite> <!-- Default suite -->
</testng-results>
